IQ-TREE multicore version 2.4.0 for Linux x86 64-bit built Feb 12 2025
Developed by Bui Quang Minh, Nguyen Lam Tung, Olga Chernomor, Heiko Schmidt,
Dominik Schrempf, Michael Woodhams, Ly Trong Nhan, Thomas Wong

Host:    n0061.manage.hpc (AVX2, FMA3, 251 GB RAM)
Command: iqtree -s ../2025_03_MSA_tree_kilR_upstream.fasta
Seed:    936862 (Using SPRNG - Scalable Parallel Random Number Generator)
Time:    Fri Mar 21 22:31:31 2025
Kernel:  AVX+FMA - 1 threads (8 CPU cores detected)

HINT: Use -nt option to specify number of threads because your CPU has 8 cores!
HINT: -nt AUTO will automatically determine the best number of threads to use.

Reading alignment file ../2025_03_MSA_tree_kilR_upstream.fasta ... Fasta format detected
Reading fasta file: done in 0.000157297 secs using 66.12% CPU
Alignment most likely contains DNA/RNA sequences
Alignment has 170 sequences with 33 columns, 13 distinct patterns
4 parsimony-informative, 0 singleton sites, 29 constant sites
              Gap/Ambiguity  Composition  p-value
Analyzing sequences: done in 1.41757e-05 secs using 63.49% CPU
   1  SRR6052124     21.21%    passed     99.86%
   2  SRR6052756     21.21%    passed     99.86%
   3  SRR6052766     21.21%    passed     99.86%
   4  SRR6052789     21.21%    passed     99.86%
   5  SRR6052816     21.21%    passed     99.86%
   6  SRR6052871     21.21%    passed     92.40%
   7  SRR6052911     21.21%    passed     99.86%
   8  SRR6052927     21.21%    passed     99.86%
   9  SRR6052936     21.21%    passed     99.86%
  10  SRR6052996     21.21%    passed     92.40%
  11  SRR6053000     21.21%    passed     99.86%
  12  SRR6053035     21.21%    passed     92.40%
  13  SRR6872952     21.21%    passed     99.86%
  14  SRR6872955     21.21%    passed     99.86%
  15  SRR6872963     21.21%    passed     99.86%
  16  SRR6872964     21.21%    passed     99.86%
  17  SRR6872965     21.21%    passed     99.86%
  18  SRR7167519     21.21%    passed     99.86%
  19  SRR7172279     21.21%    passed     92.40%
  20  SRR7184268     21.21%    passed     92.40%
  21  SRR7184361     21.21%    passed     99.86%
  22  SRR7186892     21.21%    passed     99.86%
  23  SRR7221192     21.21%    passed     99.86%
  24  SRR7223133     21.21%    passed     99.86%
  25  SRR7230210     21.21%    passed     99.86%
  26  SRR7230350     21.21%    passed     92.40%
  27  SRR7249752     21.21%    passed     99.86%
  28  SRR7249774     21.21%    passed     99.86%
  29  SRR7265736     21.21%    passed     92.40%
  30  SRR7277698     21.21%    passed     99.86%
  31  SRR7277708     21.21%    passed     99.86%
  32  SRR7283721     21.21%    passed     92.40%
  33  SRR7285437     21.21%    passed     99.86%
  34  SRR7285439     21.21%    passed     99.86%
  35  SRR7285478     21.21%    passed     99.86%
  36  SRR7285509     21.21%    passed     99.86%
  37  SRR7285524     21.21%    passed     99.86%
  38  SRR7285551     21.21%    passed     99.86%
  39  SRR7285583     21.21%    passed     99.86%
  40  SRR7286578     21.21%    passed     99.86%
  41  SRR7291041     21.21%    passed     99.86%
  42  SRR7291579     21.21%    passed     73.83%
  43  SRR7291584     21.21%    passed     99.86%
  44  SRR7291613     21.21%    passed     99.86%
  45  SRR7291921     21.21%    passed     99.86%
  46  SRR7358278     21.21%    passed     99.86%
  47  SRR7367202     21.21%    passed     99.86%
  48  SRR7367234     21.21%    passed     99.86%
  49  SRR7367401     21.21%    passed     99.86%
  50  SRR7367528     21.21%    passed     99.86%
  51  SRR7367541     21.21%    passed     99.86%
  52  SRR7367549     21.21%    passed     99.86%
  53  SRR7368890     21.21%    passed     99.86%
  54  SRR7401651     21.21%    passed     99.86%
  55  SRR7407915     21.21%    passed     99.86%
  56  SRR7407964     21.21%    passed     95.99%
  57  SRR7407964_2   21.21%    passed     92.40%
  58  SRR7407982     21.21%    passed     99.86%
  59  SRR7516055     21.21%    passed     92.40%
  60  SRR7522835     21.21%    passed     99.86%
  61  SRR7588722     21.21%    passed     99.86%
  62  SRR7827073     21.21%    passed     99.86%
  63  SRR7839324     21.21%    passed     99.86%
  64  SRR7842118     21.21%    passed     99.86%
  65  SRR7842173     21.21%    passed     92.40%
  66  SRR7842175     21.21%    passed     99.86%
  67  SRR7850072     21.21%    passed     99.86%
  68  SRR7850079     21.21%    passed     99.86%
  69  SRR7850081     21.21%    passed     99.86%
  70  SRR7850110     21.21%    passed     99.86%
  71  SRR7850169     21.21%    passed     99.86%
  72  SRR7873471     21.21%    passed     99.86%
  73  SRR7905903     21.21%    passed     99.86%
  74  SRR7905906     21.21%    passed     95.99%
  75  SRR7942548     21.21%    passed     99.86%
  76  SRR7944811     21.21%    passed     99.86%
  77  SRR7975964     21.21%    passed     99.86%
  78  SRR7975978     21.21%    passed     99.86%
  79  SRR7975982     21.21%    passed     99.86%
  80  SRR8086699     21.21%    passed     99.86%
  81  SRR8097436     21.21%    passed     92.40%
  82  SRR8114791     21.21%    passed     92.40%
  83  SRR8116854     21.21%    passed     92.40%
  84  SRR8117841     21.21%    passed     92.40%
  85  SRR8146041     21.21%    passed     99.86%
  86  SRR8149128     21.21%    passed     73.83%
  87  SRR8270037     21.21%    passed     99.86%
  88  SRR8288158     21.21%    passed     92.40%
  89  SRR8288159     21.21%    passed     92.40%
  90  SRR6052082     21.21%    passed     99.86%
  91  SRR6052688     21.21%    passed     99.86%
  92  SRR6052735     21.21%    passed     99.86%
  93  SRR6052741     21.21%    passed     99.86%
  94  SRR6052765     21.21%    passed     99.86%
  95  SRR6052784     21.21%    passed     92.40%
  96  SRR6052799     21.21%    passed     99.86%
  97  SRR6052805     21.21%    passed     99.86%
  98  SRR6052814     21.21%    passed     99.86%
  99  SRR6052826     21.21%    passed     99.86%
 100  SRR6052843     21.21%    passed     92.40%
 101  SRR6052860     21.21%    passed     99.86%
 102  SRR6052914     21.21%    passed     92.40%
 103  SRR6053008     21.21%    passed     99.86%
 104  SRR6053015     21.21%    passed     99.86%
 105  SRR6053022     21.21%    passed     92.40%
 106  SRR6079419     21.21%    passed     99.86%
 107  SRR6872960     21.21%    passed     99.86%
 108  SRR7184236     21.21%    passed     99.86%
 109  SRR7186913     21.21%    passed     99.86%
 110  SRR7187916     21.21%    passed     99.86%
 111  SRR7204218     21.21%    passed     92.40%
 112  SRR7204320     21.21%    passed     99.86%
 113  SRR7204345     21.21%    passed     99.86%
 114  SRR7215277     21.21%    passed     73.83%
 115  SRR7221212     21.21%    passed     99.86%
 116  SRR7230164     21.21%    passed     99.86%
 117  SRR7236574     21.21%    passed     99.86%
 118  SRR7236633     21.21%    passed     99.86%
 119  SRR7236681     21.21%    passed     99.86%
 120  SRR7244295     21.21%    passed     99.86%
 121  SRR7250999     21.21%    passed     99.86%
 122  SRR7265740     21.21%    passed     99.86%
 123  SRR7265868     21.21%    passed     99.86%
 124  SRR7265941     21.21%    passed     73.83%
 125  SRR7266802     21.21%    passed     99.86%
 126  SRR7274803     21.21%    passed     99.86%
 127  SRR7274845     21.21%    passed     99.86%
 128  SRR7283675     21.21%    passed     92.40%
 129  SRR7285451     21.21%    passed     99.86%
 130  SRR7285585     21.21%    passed     99.86%
 131  SRR7286655     21.21%    passed     99.86%
 132  SRR7290921     21.21%    passed     92.40%
 133  SRR7290921_2   21.21%    passed     99.86%
 134  SRR7290976     21.21%    passed     99.86%
 135  SRR7367381     21.21%    passed     99.86%
 136  SRR7367391     21.21%    passed     99.86%
 137  SRR7367537     21.21%    passed     99.86%
 138  SRR7401649     21.21%    passed     99.86%
 139  SRR7474055     21.21%    passed     99.86%
 140  SRR7516052     21.21%    passed     99.86%
 141  SRR7521182     21.21%    passed     99.86%
 142  SRR7522845     21.21%    passed     99.86%
 143  SRR7588701     21.21%    passed     99.86%
 144  SRR7826919     21.21%    passed     99.86%
 145  SRR7827063     21.21%    passed     99.86%
 146  SRR7832333     21.21%    passed     99.86%
 147  SRR7833097     21.21%    passed     92.40%
 148  SRR7835329     21.21%    passed     99.86%
 149  SRR7836292     21.21%    passed     99.86%
 150  SRR7850005     21.21%    passed     99.86%
 151  SRR7850093     21.21%    passed     99.86%
 152  SRR7850112     21.21%    passed     99.86%
 153  SRR7866110     21.21%    passed     99.86%
 154  SRR7889987     21.21%    passed     99.86%
 155  SRR7892573     21.21%    passed     99.86%
 156  SRR7905906_2   21.21%    passed     92.40%
 157  SRR7942549     21.21%    passed     99.86%
 158  SRR7944818     21.21%    passed     99.86%
 159  SRR7975956     21.21%    passed     99.86%
 160  SRR8086683     21.21%    passed     92.40%
 161  SRR8086700     21.21%    passed     92.40%
 162  SRR8086718     21.21%    passed     99.86%
 163  SRR8097451     21.21%    passed     99.86%
 164  SRR8097463     21.21%    passed     99.86%
 165  SRR8116848     21.21%    passed     92.40%
 166  SRR8116849     21.21%    passed     99.86%
 167  SRR8116852     21.21%    passed     92.40%
 168  SRR8185662     21.21%    passed     99.86%
 169  SRR8235463     21.21%    passed     92.40%
 170  SRR8291876     21.21%    passed     99.86%
****  TOTAL          21.21%  0 sequences failed composition chi2 test (p-value<5%; df=3)
NOTE: SRR6052756 is identical to SRR6052124 but kept for subsequent analysis
NOTE: SRR6052996 is identical to SRR6052871 but kept for subsequent analysis
NOTE: SRR8149128 is identical to SRR7291579 but kept for subsequent analysis
NOTE: SRR7905906 is identical to SRR7407964 but kept for subsequent analysis
NOTE: 162 identical sequences (see below) will be ignored for subsequent analysis
NOTE: SRR6052766 (identical to SRR6052124) is ignored but added at the end
NOTE: SRR6052789 (identical to SRR6052124) is ignored but added at the end
NOTE: SRR6052816 (identical to SRR6052124) is ignored but added at the end
NOTE: SRR6052911 (identical to SRR6052124) is ignored but added at the end
NOTE: SRR6052927 (identical to SRR6052124) is ignored but added at the end
NOTE: SRR6052936 (identical to SRR6052124) is ignored but added at the end
NOTE: SRR6053000 (identical to SRR6052124) is ignored but added at the end
NOTE: SRR6872952 (identical to SRR6052124) is ignored but added at the end
NOTE: SRR6872955 (identical to SRR6052124) is ignored but added at the end
NOTE: SRR6872963 (identical to SRR6052124) is ignored but added at the end
NOTE: SRR6872964 (identical to SRR6052124) is ignored but added at the end
NOTE: SRR6872965 (identical to SRR6052124) is ignored but added at the end
NOTE: SRR7167519 (identical to SRR6052124) is ignored but added at the end
NOTE: SRR7184361 (identical to SRR6052124) is ignored but added at the end
NOTE: SRR7186892 (identical to SRR6052124) is ignored but added at the end
NOTE: SRR7221192 (identical to SRR6052124) is ignored but added at the end
NOTE: SRR7223133 (identical to SRR6052124) is ignored but added at the end
NOTE: SRR7230210 (identical to SRR6052124) is ignored but added at the end
NOTE: SRR7249752 (identical to SRR6052124) is ignored but added at the end
NOTE: SRR7249774 (identical to SRR6052124) is ignored but added at the end
NOTE: SRR7277698 (identical to SRR6052124) is ignored but added at the end
NOTE: SRR7277708 (identical to SRR6052124) is ignored but added at the end
NOTE: SRR7285437 (identical to SRR6052124) is ignored but added at the end
NOTE: SRR7285439 (identical to SRR6052124) is ignored but added at the end
NOTE: SRR7285478 (identical to SRR6052124) is ignored but added at the end
NOTE: SRR7285509 (identical to SRR6052124) is ignored but added at the end
NOTE: SRR7285524 (identical to SRR6052124) is ignored but added at the end
NOTE: SRR7285551 (identical to SRR6052124) is ignored but added at the end
NOTE: SRR7285583 (identical to SRR6052124) is ignored but added at the end
NOTE: SRR7286578 (identical to SRR6052124) is ignored but added at the end
NOTE: SRR7291041 (identical to SRR6052124) is ignored but added at the end
NOTE: SRR7291584 (identical to SRR6052124) is ignored but added at the end
NOTE: SRR7291613 (identical to SRR6052124) is ignored but added at the end
NOTE: SRR7291921 (identical to SRR6052124) is ignored but added at the end
NOTE: SRR7358278 (identical to SRR6052124) is ignored but added at the end
NOTE: SRR7367202 (identical to SRR6052124) is ignored but added at the end
NOTE: SRR7367234 (identical to SRR6052124) is ignored but added at the end
NOTE: SRR7367401 (identical to SRR6052124) is ignored but added at the end
NOTE: SRR7367528 (identical to SRR6052124) is ignored but added at the end
NOTE: SRR7367541 (identical to SRR6052124) is ignored but added at the end
NOTE: SRR7367549 (identical to SRR6052124) is ignored but added at the end
NOTE: SRR7368890 (identical to SRR6052124) is ignored but added at the end
NOTE: SRR7401651 (identical to SRR6052124) is ignored but added at the end
NOTE: SRR7407915 (identical to SRR6052124) is ignored but added at the end
NOTE: SRR7407982 (identical to SRR6052124) is ignored but added at the end
NOTE: SRR7522835 (identical to SRR6052124) is ignored but added at the end
NOTE: SRR7588722 (identical to SRR6052124) is ignored but added at the end
NOTE: SRR7827073 (identical to SRR6052124) is ignored but added at the end
NOTE: SRR7839324 (identical to SRR6052124) is ignored but added at the end
NOTE: SRR7842118 (identical to SRR6052124) is ignored but added at the end
NOTE: SRR7842175 (identical to SRR6052124) is ignored but added at the end
NOTE: SRR7850072 (identical to SRR6052124) is ignored but added at the end
NOTE: SRR7850079 (identical to SRR6052124) is ignored but added at the end
NOTE: SRR7850081 (identical to SRR6052124) is ignored but added at the end
NOTE: SRR7850110 (identical to SRR6052124) is ignored but added at the end
NOTE: SRR7850169 (identical to SRR6052124) is ignored but added at the end
NOTE: SRR7873471 (identical to SRR6052124) is ignored but added at the end
NOTE: SRR7905903 (identical to SRR6052124) is ignored but added at the end
NOTE: SRR7942548 (identical to SRR6052124) is ignored but added at the end
NOTE: SRR7944811 (identical to SRR6052124) is ignored but added at the end
NOTE: SRR7975964 (identical to SRR6052124) is ignored but added at the end
NOTE: SRR7975978 (identical to SRR6052124) is ignored but added at the end
NOTE: SRR7975982 (identical to SRR6052124) is ignored but added at the end
NOTE: SRR8086699 (identical to SRR6052124) is ignored but added at the end
NOTE: SRR8146041 (identical to SRR6052124) is ignored but added at the end
NOTE: SRR8270037 (identical to SRR6052124) is ignored but added at the end
NOTE: SRR6052082 (identical to SRR6052124) is ignored but added at the end
NOTE: SRR6052688 (identical to SRR6052124) is ignored but added at the end
NOTE: SRR6052735 (identical to SRR6052124) is ignored but added at the end
NOTE: SRR6052741 (identical to SRR6052124) is ignored but added at the end
NOTE: SRR6052765 (identical to SRR6052124) is ignored but added at the end
NOTE: SRR6052799 (identical to SRR6052124) is ignored but added at the end
NOTE: SRR6052805 (identical to SRR6052124) is ignored but added at the end
NOTE: SRR6052814 (identical to SRR6052124) is ignored but added at the end
NOTE: SRR6052826 (identical to SRR6052124) is ignored but added at the end
NOTE: SRR6052860 (identical to SRR6052124) is ignored but added at the end
NOTE: SRR6053008 (identical to SRR6052124) is ignored but added at the end
NOTE: SRR6053015 (identical to SRR6052124) is ignored but added at the end
NOTE: SRR6079419 (identical to SRR6052124) is ignored but added at the end
NOTE: SRR6872960 (identical to SRR6052124) is ignored but added at the end
NOTE: SRR7184236 (identical to SRR6052124) is ignored but added at the end
NOTE: SRR7186913 (identical to SRR6052124) is ignored but added at the end
NOTE: SRR7187916 (identical to SRR6052124) is ignored but added at the end
NOTE: SRR7204320 (identical to SRR6052124) is ignored but added at the end
NOTE: SRR7204345 (identical to SRR6052124) is ignored but added at the end
NOTE: SRR7221212 (identical to SRR6052124) is ignored but added at the end
NOTE: SRR7230164 (identical to SRR6052124) is ignored but added at the end
NOTE: SRR7236574 (identical to SRR6052124) is ignored but added at the end
NOTE: SRR7236633 (identical to SRR6052124) is ignored but added at the end
NOTE: SRR7236681 (identical to SRR6052124) is ignored but added at the end
NOTE: SRR7244295 (identical to SRR6052124) is ignored but added at the end
NOTE: SRR7250999 (identical to SRR6052124) is ignored but added at the end
NOTE: SRR7265740 (identical to SRR6052124) is ignored but added at the end
NOTE: SRR7265868 (identical to SRR6052124) is ignored but added at the end
NOTE: SRR7266802 (identical to SRR6052124) is ignored but added at the end
NOTE: SRR7274803 (identical to SRR6052124) is ignored but added at the end
NOTE: SRR7274845 (identical to SRR6052124) is ignored but added at the end
NOTE: SRR7285451 (identical to SRR6052124) is ignored but added at the end
NOTE: SRR7285585 (identical to SRR6052124) is ignored but added at the end
NOTE: SRR7286655 (identical to SRR6052124) is ignored but added at the end
NOTE: SRR7290921_2 (identical to SRR6052124) is ignored but added at the end
NOTE: SRR7290976 (identical to SRR6052124) is ignored but added at the end
NOTE: SRR7367381 (identical to SRR6052124) is ignored but added at the end
NOTE: SRR7367391 (identical to SRR6052124) is ignored but added at the end
NOTE: SRR7367537 (identical to SRR6052124) is ignored but added at the end
NOTE: SRR7401649 (identical to SRR6052124) is ignored but added at the end
NOTE: SRR7474055 (identical to SRR6052124) is ignored but added at the end
NOTE: SRR7516052 (identical to SRR6052124) is ignored but added at the end
NOTE: SRR7521182 (identical to SRR6052124) is ignored but added at the end
NOTE: SRR7522845 (identical to SRR6052124) is ignored but added at the end
NOTE: SRR7588701 (identical to SRR6052124) is ignored but added at the end
NOTE: SRR7826919 (identical to SRR6052124) is ignored but added at the end
NOTE: SRR7827063 (identical to SRR6052124) is ignored but added at the end
NOTE: SRR7832333 (identical to SRR6052124) is ignored but added at the end
NOTE: SRR7835329 (identical to SRR6052124) is ignored but added at the end
NOTE: SRR7836292 (identical to SRR6052124) is ignored but added at the end
NOTE: SRR7850005 (identical to SRR6052124) is ignored but added at the end
NOTE: SRR7850093 (identical to SRR6052124) is ignored but added at the end
NOTE: SRR7850112 (identical to SRR6052124) is ignored but added at the end
NOTE: SRR7866110 (identical to SRR6052124) is ignored but added at the end
NOTE: SRR7889987 (identical to SRR6052124) is ignored but added at the end
NOTE: SRR7892573 (identical to SRR6052124) is ignored but added at the end
NOTE: SRR7942549 (identical to SRR6052124) is ignored but added at the end
NOTE: SRR7944818 (identical to SRR6052124) is ignored but added at the end
NOTE: SRR7975956 (identical to SRR6052124) is ignored but added at the end
NOTE: SRR8086718 (identical to SRR6052124) is ignored but added at the end
NOTE: SRR8097451 (identical to SRR6052124) is ignored but added at the end
NOTE: SRR8097463 (identical to SRR6052124) is ignored but added at the end
NOTE: SRR8116849 (identical to SRR6052124) is ignored but added at the end
NOTE: SRR8185662 (identical to SRR6052124) is ignored but added at the end
NOTE: SRR8291876 (identical to SRR6052124) is ignored but added at the end
NOTE: SRR6053035 (identical to SRR6052871) is ignored but added at the end
NOTE: SRR7172279 (identical to SRR6052871) is ignored but added at the end
NOTE: SRR7184268 (identical to SRR6052871) is ignored but added at the end
NOTE: SRR7230350 (identical to SRR6052871) is ignored but added at the end
NOTE: SRR7265736 (identical to SRR6052871) is ignored but added at the end
NOTE: SRR7283721 (identical to SRR6052871) is ignored but added at the end
NOTE: SRR7407964_2 (identical to SRR6052871) is ignored but added at the end
NOTE: SRR7516055 (identical to SRR6052871) is ignored but added at the end
NOTE: SRR7842173 (identical to SRR6052871) is ignored but added at the end
NOTE: SRR8097436 (identical to SRR6052871) is ignored but added at the end
NOTE: SRR8114791 (identical to SRR6052871) is ignored but added at the end
NOTE: SRR8116854 (identical to SRR6052871) is ignored but added at the end
NOTE: SRR8117841 (identical to SRR6052871) is ignored but added at the end
NOTE: SRR8288158 (identical to SRR6052871) is ignored but added at the end
NOTE: SRR8288159 (identical to SRR6052871) is ignored but added at the end
NOTE: SRR6052784 (identical to SRR6052871) is ignored but added at the end
NOTE: SRR6052843 (identical to SRR6052871) is ignored but added at the end
NOTE: SRR6052914 (identical to SRR6052871) is ignored but added at the end
NOTE: SRR6053022 (identical to SRR6052871) is ignored but added at the end
NOTE: SRR7204218 (identical to SRR6052871) is ignored but added at the end
NOTE: SRR7283675 (identical to SRR6052871) is ignored but added at the end
NOTE: SRR7290921 (identical to SRR6052871) is ignored but added at the end
NOTE: SRR7833097 (identical to SRR6052871) is ignored but added at the end
NOTE: SRR7905906_2 (identical to SRR6052871) is ignored but added at the end
NOTE: SRR8086683 (identical to SRR6052871) is ignored but added at the end
NOTE: SRR8086700 (identical to SRR6052871) is ignored but added at the end
NOTE: SRR8116848 (identical to SRR6052871) is ignored but added at the end
NOTE: SRR8116852 (identical to SRR6052871) is ignored but added at the end
NOTE: SRR8235463 (identical to SRR6052871) is ignored but added at the end
NOTE: SRR7215277 (identical to SRR7291579) is ignored but added at the end
NOTE: SRR7265941 (identical to SRR7291579) is ignored but added at the end
Alignment was printed to ../2025_03_MSA_tree_kilR_upstream.fasta.uniqueseq.phy

For your convenience alignment with unique sequences printed to ../2025_03_MSA_tree_kilR_upstream.fasta.uniqueseq.phy


Create initial parsimony tree by phylogenetic likelihood library (PLL)... 0.015 seconds
Perform fast likelihood tree search using GTR+I+G model...
Estimate model parameters (epsilon = 5.000)

WARNING: Estimated model parameters are at boundary that can cause numerical instability!

Perform nearest neighbor interchange...
Estimate model parameters (epsilon = 1.000)
1. Initial log-likelihood: -56.439
Optimal log-likelihood: -56.397
Rate parameters:  A-C: 0.00010  A-G: 11.36886  A-T: 4.15270  C-G: 100.00000  C-T: 41.48745  G-T: 1.00000
Warning! Some parameters hit the boundaries
Base frequencies:  A: 0.433  C: 0.048  G: 0.173  T: 0.346
Proportion of invariable sites: 0.426
Gamma shape alpha: 998.435
Parameters optimization took 1 rounds (0.003 sec)

WARNING: Estimated model parameters are at boundary that can cause numerical instability!

Time for fast ML tree search: 0.090 seconds

NOTE: ModelFinder requires 0 MB RAM!
ModelFinder will test up to 484 DNA models (sample size: 33 epsilon: 0.100) ...
 No. Model         -LnL         df  AIC          AICc         BIC
  1  GTR+F         56.079       21  154.158      238.158      185.584
  2  GTR+F+I       56.079       22  156.158      257.358      189.081
  3  GTR+F+G4      56.079       22  156.158      257.358      189.081
  4  GTR+F+I+G4    56.385       23  158.771      281.438      193.191
  5  GTR+F+R2      56.079       23  158.158      280.824      192.577
  6  GTR+F+R3      56.079       25  162.157      347.872      199.570
 14  GTR+F+I+R2    56.391       24  160.782      310.782      196.698
 15  GTR+F+I+R3    56.362       26  164.724      398.724      203.633
 23  SYM           63.012       18  162.024      210.881      188.961
 24  SYM+I         63.009       19  164.019      222.480      192.452
 25  SYM+G4        63.009       19  164.017      222.479      192.451
 26  SYM+I+G4      63.059       20  166.118      236.118      196.048
 27  SYM+R2        63.008       20  166.016      236.016      195.946
 45  TVM+F         56.628       20  153.255      223.255      183.186
 46  TVM+F+I       56.628       21  155.255      239.255      186.682
 47  TVM+F+G4      56.628       21  155.256      239.256      186.682
 48  TVM+F+I+G4    56.717       22  157.434      258.634      190.358
 49  TVM+F+R2      56.628       22  157.255      258.455      190.179
 67  TVMe          63.035       17  160.069      200.869      185.510
 68  TVMe+I        63.034       18  162.068      210.925      189.005
 69  TVMe+G4       63.034       18  162.067      210.925      189.005
 70  TVMe+I+G4     63.067       19  164.134      222.596      192.568
 71  TVMe+R2       63.033       19  164.067      222.528      192.501
 89  TIM3+F        57.282       19  152.564      211.025      180.997
 90  TIM3+F+I      57.280       20  154.560      224.560      184.490
 91  TIM3+F+G4     57.280       20  154.560      224.560      184.490
 92  TIM3+F+I+G4   57.539       21  157.078      241.078      188.505
 93  TIM3+F+R2     57.280       21  156.559      240.559      187.986
111  TIM3e         64.581       16  161.162      195.162      185.106
112  TIM3e+I       64.563       17  163.125      203.925      188.566
113  TIM3e+G4      64.562       17  163.124      203.924      188.564
114  TIM3e+I+G4    64.526       18  165.053      213.910      191.990
115  TIM3e+R2      64.581       18  165.162      214.019      192.099
133  TIM2+F        58.303       19  154.605      213.067      183.039
134  TIM2+F+I      58.318       20  156.636      226.636      186.566
135  TIM2+F+G4     58.312       20  156.625      226.625      186.555
136  TIM2+F+I+G4   58.368       21  158.735      242.735      190.162
137  TIM2+F+R2     58.301       21  158.602      242.602      190.028
155  TIM2e         64.669       16  161.338      195.338      185.282
156  TIM2e+I       64.645       17  163.290      204.090      188.730
157  TIM2e+G4      64.642       17  163.284      204.084      188.724
158  TIM2e+I+G4    64.537       18  165.073      213.931      192.011
159  TIM2e+R2      64.669       18  165.338      214.195      192.275
177  TIM+F         57.881       19  153.763      212.224      182.196
178  TIM+F+I       57.881       20  155.762      225.762      185.693
179  TIM+F+G4      57.881       20  155.762      225.762      185.693
180  TIM+F+I+G4    58.042       21  158.084      242.084      189.510
181  TIM+F+R2      57.881       21  157.762      241.762      189.188
199  TIMe          63.463       16  158.926      192.926      182.870
200  TIMe+I        63.463       17  160.926      201.726      186.366
201  TIMe+G4       63.463       17  160.926      201.726      186.366
202  TIMe+I+G4     63.510       18  163.020      211.877      189.957
203  TIMe+R2       63.463       18  162.926      211.783      189.863
221  TPM3u+F       58.005       18  152.010      200.867      178.947
222  TPM3u+F+I     58.005       19  154.010      212.471      182.443
223  TPM3u+F+G4    58.005       19  154.010      212.471      182.444
224  TPM3u+F+I+G4  58.050       20  156.100      226.100      186.030
225  TPM3u+F+R2    58.005       20  156.010      226.010      185.940
243  TPM3          64.614       15  159.228      187.463      181.676
244  TPM3+I        64.563       16  161.126      195.126      185.070
245  TPM3+G4       64.568       16  161.136      195.136      185.080
246  TPM3+I+G4     64.525       17  163.050      203.850      188.491
247  TPM3+R2       64.614       17  163.228      204.028      188.668
265  TPM2u+F       58.877       18  153.753      202.610      180.690
266  TPM2u+F+I     57.772       19  153.543      212.005      181.977
267  TPM2u+F+G4    57.784       19  153.567      212.029      182.001
268  TPM2u+F+I+G4  58.022       20  156.045      226.045      185.975
269  TPM2u+F+R2    58.876       20  157.753      227.753      187.683
287  TPM2          64.693       15  159.386      187.621      181.833
288  TPM2+I        63.855       16  159.710      193.710      183.654
289  TPM2+G4       63.888       16  159.777      193.777      183.721
290  TPM2+I+G4     63.986       17  161.973      202.773      187.413
291  TPM2+R2       64.693       17  163.386      204.186      188.826
309  K3Pu+F        58.410       18  152.820      201.678      179.758
310  K3Pu+F+I      58.451       19  154.902      213.364      183.336
311  K3Pu+F+G4     58.452       19  154.905      213.366      183.338
312  K3Pu+F+I+G4   58.472       20  156.944      226.944      186.874
313  K3Pu+F+R2     58.410       20  156.820      226.820      186.750
331  K3P           63.486       15  156.971      185.206      179.419
332  K3P+I         63.496       16  158.992      192.992      182.936
333  K3P+G4        63.506       16  159.012      193.012      182.956
334  K3P+I+G4      63.533       17  161.065      201.865      186.506
335  K3P+R2        63.486       17  160.971      201.771      186.412
353  TN+F          58.525       18  153.049      201.906      179.986
354  TN+F+I        58.525       19  155.050      213.512      183.484
355  TN+F+G4       58.525       19  155.050      213.512      183.484
356  TN+F+I+G4     58.639       20  157.278      227.278      187.209
357  TN+F+R2       58.524       20  157.048      227.048      186.978
375  TNe           64.751       15  159.501      187.736      181.949
376  TNe+I         64.748       16  161.495      195.495      185.440
377  TNe+G4        64.746       16  161.492      195.492      185.436
378  TNe+I+G4      64.737       17  163.474      204.274      188.915
379  TNe+R2        64.751       17  163.501      204.301      188.942
397  HKY+F         59.116       17  152.232      193.032      177.672
398  HKY+F+I       59.058       18  154.116      202.973      181.053
399  HKY+F+G4      59.060       18  154.119      202.976      181.056
400  HKY+F+I+G4    59.022       19  156.044      214.506      184.478
401  HKY+F+R2      59.116       19  156.231      214.693      184.665
419  K2P           64.778       14  157.555      180.888      178.506
420  K2P+I         64.736       15  159.471      187.706      181.919
421  K2P+G4        64.731       15  159.462      187.697      181.910
422  K2P+I+G4      64.714       16  161.428      195.428      185.372
423  K2P+R2        64.777       16  161.555      195.555      185.499
441  F81+F         59.620       16  151.239      185.239      175.183
442  F81+F+I       59.589       17  153.179      193.979      178.619
443  F81+F+G4      59.584       17  153.168      193.968      178.609
444  F81+F+I+G4    59.571       18  155.143      204.000      182.080
445  F81+F+R2      59.620       18  155.239      204.096      182.176
463  JC            65.013       13  156.026      175.184      175.481
464  JC+I          64.950       14  157.900      181.234      178.851
465  JC+G4         64.943       14  157.885      181.219      178.836
466  JC+I+G4       64.924       15  159.847      188.083      182.295
467  JC+R2         65.013       15  160.026      188.261      182.474
Akaike Information Criterion:           F81+F
Corrected Akaike Information Criterion: JC
Bayesian Information Criterion:         F81+F
Best-fit model: F81+F chosen according to BIC

All model information printed to ../2025_03_MSA_tree_kilR_upstream.fasta.model.gz
CPU time for ModelFinder: 0.172 seconds (0h:0m:0s)
Wall-clock time for ModelFinder: 0.537 seconds (0h:0m:0s)

NOTE: 0 MB RAM (0 GB) is required!
Estimate model parameters (epsilon = 0.100)
1. Initial log-likelihood: -59.620
Optimal log-likelihood: -59.620
Rate parameters:  A-C: 1.00000  A-G: 1.00000  A-T: 1.00000  C-G: 1.00000  C-T: 1.00000  G-T: 1.00000
Base frequencies:  A: 0.433  C: 0.048  G: 0.173  T: 0.346
Parameters optimization took 1 rounds (0.000 sec)
Wrote distance file to... 
Computing ML distances based on estimated model parameters...
Calculating distance matrix: done in 0.000118591 secs using 92.76% CPU
Computing ML distances took 0.000157 sec (of wall-clock time) 0.000150 sec (of CPU time)
Setting up auxiliary I and S matrices: done in 2.99858e-05 secs using 93.38% CPU
Computing RapidNJ tree took 0.000123 sec (of wall-clock time) 0.000136 sec (of CPU time)
Log-likelihood of RapidNJ tree: -59.621
--------------------------------------------------------------------
|             INITIALIZING CANDIDATE TREE SET                      |
--------------------------------------------------------------------
Generating 99 parsimony trees... 0.017 second
Computing log-likelihood of 68 initial trees ... 0.008 seconds
Current best score: -59.620

Do NNI search on 20 best initial trees
Estimate model parameters (epsilon = 0.100)
BETTER TREE FOUND at iteration 1: -59.620
Iteration 10 / LogL: -59.620 / Time: 0h:0m:0s
Iteration 20 / LogL: -59.620 / Time: 0h:0m:0s
Finish initializing candidate tree set (2)
Current best tree score: -59.620 / CPU time: 0.038
Number of iterations: 20
--------------------------------------------------------------------
|               OPTIMIZING CANDIDATE TREE SET                      |
--------------------------------------------------------------------
Iteration 30 / LogL: -59.620 / Time: 0h:0m:0s (0h:0m:0s left)
UPDATE BEST LOG-LIKELIHOOD: -59.620
Iteration 40 / LogL: -59.620 / Time: 0h:0m:0s (0h:0m:0s left)
UPDATE BEST LOG-LIKELIHOOD: -59.620
Iteration 50 / LogL: -59.620 / Time: 0h:0m:0s (0h:0m:0s left)
UPDATE BEST LOG-LIKELIHOOD: -59.620
Iteration 60 / LogL: -59.620 / Time: 0h:0m:0s (0h:0m:0s left)
Iteration 70 / LogL: -59.620 / Time: 0h:0m:0s (0h:0m:0s left)
UPDATE BEST LOG-LIKELIHOOD: -59.620
UPDATE BEST LOG-LIKELIHOOD: -59.620
Iteration 80 / LogL: -59.620 / Time: 0h:0m:0s (0h:0m:0s left)
UPDATE BEST LOG-LIKELIHOOD: -59.620
UPDATE BEST LOG-LIKELIHOOD: -59.620
Iteration 90 / LogL: -59.620 / Time: 0h:0m:0s (0h:0m:0s left)
UPDATE BEST LOG-LIKELIHOOD: -59.620
Iteration 100 / LogL: -59.620 / Time: 0h:0m:0s (0h:0m:0s left)
TREE SEARCH COMPLETED AFTER 102 ITERATIONS / Time: 0h:0m:0s

--------------------------------------------------------------------
|                    FINALIZING TREE SEARCH                        |
--------------------------------------------------------------------
Performs final model parameters optimization
Estimate model parameters (epsilon = 0.010)
1. Initial log-likelihood: -59.620
Optimal log-likelihood: -59.620
Rate parameters:  A-C: 1.00000  A-G: 1.00000  A-T: 1.00000  C-G: 1.00000  C-T: 1.00000  G-T: 1.00000
Base frequencies:  A: 0.433  C: 0.048  G: 0.173  T: 0.346
Parameters optimization took 1 rounds (0.000 sec)
BEST SCORE FOUND : -59.620
Total tree length: 0.196

Total number of iterations: 102
CPU time used for tree search: 0.109 sec (0h:0m:0s)
Wall-clock time used for tree search: 0.139 sec (0h:0m:0s)
Total CPU time used: 0.290 sec (0h:0m:0s)
Total wall-clock time used: 0.693 sec (0h:0m:0s)

Analysis results written to: 
  IQ-TREE report:                ../2025_03_MSA_tree_kilR_upstream.fasta.iqtree
  Maximum-likelihood tree:       ../2025_03_MSA_tree_kilR_upstream.fasta.treefile
  Likelihood distances:          ../2025_03_MSA_tree_kilR_upstream.fasta.mldist
  Screen log file:               ../2025_03_MSA_tree_kilR_upstream.fasta.log

Date and Time: Fri Mar 21 22:31:32 2025
